[2022-10-27T21:58:40.046Z] Log level: Info
[2022-10-27T21:58:40.046Z] [info] Validating found git in: git
[2022-10-27T21:58:40.056Z] [info] Using git 2.38.0 from git
[2022-10-27T21:58:40.065Z] > git rev-parse --show-toplevel [2ms]
[2022-10-27T21:58:40.073Z] > git rev-parse --git-dir --git-common-dir [4ms]
[2022-10-27T21:58:40.079Z] [info] Open repository: /home/kevin/work/PreImage/atlasify
[2022-10-27T21:58:40.089Z] > git rev-parse --show-toplevel [1ms]
[2022-10-27T21:58:40.094Z] > git rev-parse --show-toplevel [1ms]
[2022-10-27T21:58:40.099Z] > git rev-parse --show-toplevel [1ms]
[2022-10-27T21:58:40.175Z] > git status -z -uall [90ms]
[2022-10-27T21:58:40.179Z] > git rev-parse --show-toplevel [76ms]
[2022-10-27T21:58:40.187Z] > git rev-parse --show-toplevel [6ms]
[2022-10-27T21:58:40.190Z] > git symbolic-ref --short HEAD [10ms]
[2022-10-27T21:58:40.193Z] > git rev-parse --show-toplevel [4ms]
[2022-10-27T21:58:40.197Z] > git for-each-ref --format=%(refname)%00%(upstream:short)%00%(objectname)%00%(upstream:track)%00%(upstream:remotename)%00%(upstream:remoteref) refs/heads/master refs/remotes/master [5ms]
[2022-10-27T21:58:40.206Z] > git remote --verbose [3ms]
[2022-10-27T21:58:40.206Z] > git for-each-ref --sort -committerdate --format %(refname) %(objectname) %(*objectname) [6ms]
[2022-10-27T21:58:40.211Z] > git rev-parse --show-toplevel [15ms]
[2022-10-27T21:58:40.218Z] > git rev-parse --show-toplevel [4ms]
[2022-10-27T21:58:40.218Z] > git config --get commit.template [1ms]
[2022-10-27T21:58:40.285Z] > git status -z -uall [63ms]
[2022-10-27T21:58:40.289Z] > git symbolic-ref --short HEAD [1ms]
[2022-10-27T21:58:40.292Z] > git for-each-ref --format=%(refname)%00%(upstream:short)%00%(objectname)%00%(upstream:track)%00%(upstream:remotename)%00%(upstream:remoteref) refs/heads/master refs/remotes/master [1ms]
[2022-10-27T21:58:40.297Z] > git for-each-ref --sort -committerdate --format %(refname) %(objectname) %(*objectname) [2ms]
[2022-10-27T21:58:40.298Z] > git remote --verbose [1ms]
[2022-10-27T21:58:40.302Z] > git config --get commit.template [1ms]
[2022-10-27T21:58:40.679Z] > git check-ignore -v -z --stdin [1ms]
[2022-10-27T21:58:45.691Z] > git check-ignore -v -z --stdin [0ms]
[2022-10-27T21:59:25.596Z] > git check-ignore -v -z --stdin [1ms]
[2022-10-27T21:59:26.226Z] > git check-ignore -v -z --stdin [1ms]
[2022-10-27T21:59:26.863Z] > git show --textconv :bin/cli.js [17ms]
[2022-10-27T21:59:26.863Z] > git ls-files --stage -- /home/kevin/work/PreImage/atlasify/bin/cli.js [7ms]
[2022-10-27T21:59:26.876Z] > git cat-file -s 0d22ef265d93ce3739db58f4ca0dda179cba5b04 [1ms]
[2022-10-27T21:59:33.179Z] > git check-ignore -v -z --stdin [1ms]
[2022-10-27T21:59:33.755Z] > git show --textconv :src/atlasify.ts [4ms]
[2022-10-27T21:59:33.756Z] > git ls-files --stage -- /home/kevin/work/PreImage/atlasify/src/atlasify.ts [1ms]
[2022-10-27T21:59:33.759Z] > git cat-file -s cc1bb7d77c6c65d7d2457ace76bc9bcd13bd7965 [0ms]
[2022-10-27T21:59:34.222Z] > git show --textconv :src/exporter.ts [4ms]
[2022-10-27T21:59:34.222Z] > git ls-files --stage -- /home/kevin/work/PreImage/atlasify/src/exporter.ts [1ms]
[2022-10-27T21:59:34.226Z] > git cat-file -s b80b05eb3faff3bb90267d4338c00e58d1d72645 [1ms]
[2022-10-27T21:59:34.994Z] > git check-ignore -v -z --stdin [0ms]
[2022-10-27T21:59:35.399Z] > git show --textconv :src/geom/sheet.ts [6ms]
[2022-10-27T21:59:35.400Z] > git ls-files --stage -- /home/kevin/work/PreImage/atlasify/src/geom/sheet.ts [3ms]
[2022-10-27T21:59:35.404Z] > git cat-file -s fbf1275fa27181f0a47a6a0ad54cb177d1554843 [1ms]
[2022-10-27T21:59:37.135Z] > git show --textconv :src/geom/vec2.ts [3ms]
[2022-10-27T21:59:37.135Z] > git ls-files --stage -- /home/kevin/work/PreImage/atlasify/src/geom/vec2.ts [0ms]
[2022-10-27T21:59:37.138Z] > git cat-file -s b0eb11b01553db9a2d8cf4e9c4781e9320f7a4fe [0ms]
[2022-10-27T21:59:37.584Z] > git show --textconv :src/geom/vec2const.ts [23ms]
[2022-10-27T21:59:37.586Z] > git ls-files --stage -- /home/kevin/work/PreImage/atlasify/src/geom/vec2const.ts [13ms]
[2022-10-27T21:59:37.603Z] > git cat-file -s 879048c6c72ff272e3f6fa10140083d9b97456a4 [4ms]
[2022-10-27T21:59:38.442Z] > git show --textconv :src/geom/sheet.ts [4ms]
[2022-10-27T21:59:38.443Z] > git ls-files --stage -- /home/kevin/work/PreImage/atlasify/src/geom/sheet.ts [1ms]
[2022-10-27T21:59:38.449Z] > git cat-file -s fbf1275fa27181f0a47a6a0ad54cb177d1554843 [1ms]
[2022-10-27T21:59:40.107Z] > git check-ignore -v -z --stdin [0ms]
[2022-10-27T21:59:42.311Z] > git check-ignore -v -z --stdin [1ms]
[2022-10-27T21:59:43.153Z] > git show --textconv :templates/Cocos2d.mst [3ms]
[2022-10-27T21:59:43.153Z] > git ls-files --stage -- /home/kevin/work/PreImage/atlasify/templates/Cocos2d.mst [0ms]
[2022-10-27T21:59:43.156Z] > git cat-file -s 288461cdf41c087ad42a0de3d42f8e61fb147215 [0ms]
[2022-10-27T21:59:47.644Z] > git check-ignore -v -z --stdin [1ms]
[2022-10-27T21:59:52.105Z] > git show --textconv :website/babel.config.js [7ms]
[2022-10-27T21:59:52.108Z] > git ls-files --stage -- /home/kevin/work/PreImage/atlasify/website/babel.config.js [3ms]
[2022-10-27T21:59:52.114Z] > git cat-file -s e00595dae7d69190e2a9d07202616c2ea932e487 [1ms]
[2022-10-27T21:59:55.225Z] > git show --textconv :website/tsconfig.json [4ms]
[2022-10-27T21:59:55.226Z] > git ls-files --stage -- /home/kevin/work/PreImage/atlasify/website/tsconfig.json [1ms]
[2022-10-27T21:59:55.230Z] > git cat-file -s 6f4756980d4d2193c3e844a2e914f24974c06382 [0ms]
[2022-10-27T22:00:07.324Z] > git show --textconv :website/tsconfig.json [4ms]
[2022-10-27T22:00:07.324Z] > git ls-files --stage -- /home/kevin/work/PreImage/atlasify/website/tsconfig.json [1ms]
[2022-10-27T22:00:07.328Z] > git cat-file -s 6f4756980d4d2193c3e844a2e914f24974c06382 [0ms]
[2022-10-27T22:00:23.149Z] > git show --textconv :README.md [5ms]
[2022-10-27T22:00:23.150Z] > git ls-files --stage -- /home/kevin/work/PreImage/atlasify/README.md [1ms]
[2022-10-27T22:00:23.155Z] > git cat-file -s 0ac3462205b18190603ac630a3519431aab20595 [1ms]
[2022-10-27T22:00:26.672Z] > git show --textconv :tsconfig.json [3ms]
[2022-10-27T22:00:26.673Z] > git ls-files --stage -- /home/kevin/work/PreImage/atlasify/tsconfig.json [1ms]
[2022-10-27T22:00:26.678Z] > git cat-file -s fc8daa8b5c8992d663058b25878226567b607c3a [1ms]
