[2022-10-29T23:21:55.745Z] Log level: Info
[2022-10-29T23:21:55.745Z] [info] Validating found git in: git
[2022-10-29T23:21:55.758Z] [info] Using git 2.38.0 from git
[2022-10-29T23:21:55.765Z] > git rev-parse --show-toplevel [2ms]
[2022-10-29T23:21:55.766Z] fatal: not a git repository (or any parent up to mount point /)
Stopping at filesystem boundary (GIT_DISCOVERY_ACROSS_FILESYSTEM not set).
[2022-10-29T23:21:55.771Z] > git rev-parse --show-toplevel [1ms]
[2022-10-29T23:21:55.771Z] fatal: not a git repository (or any parent up to mount point /)
Stopping at filesystem boundary (GIT_DISCOVERY_ACROSS_FILESYSTEM not set).
[2022-10-29T23:21:55.775Z] > git rev-parse --show-toplevel [1ms]
[2022-10-29T23:21:55.775Z] fatal: not a git repository (or any parent up to mount point /)
Stopping at filesystem boundary (GIT_DISCOVERY_ACROSS_FILESYSTEM not set).
[2022-10-29T23:21:55.796Z] > git rev-parse --show-toplevel [18ms]
[2022-10-29T23:21:55.796Z] fatal: not a git repository (or any parent up to mount point /)
Stopping at filesystem boundary (GIT_DISCOVERY_ACROSS_FILESYSTEM not set).
[2022-10-29T23:21:55.804Z] > git rev-parse --show-toplevel [5ms]
[2022-10-29T23:21:55.804Z] fatal: not a git repository (or any parent up to mount point /)
Stopping at filesystem boundary (GIT_DISCOVERY_ACROSS_FILESYSTEM not set).
[2022-10-29T23:21:55.809Z] > git rev-parse --show-toplevel [1ms]
[2022-10-29T23:21:55.809Z] fatal: not a git repository (or any parent up to mount point /)
Stopping at filesystem boundary (GIT_DISCOVERY_ACROSS_FILESYSTEM not set).
[2022-10-29T23:21:55.815Z] > git rev-parse --show-toplevel [2ms]
[2022-10-29T23:21:55.815Z] fatal: not a git repository (or any parent up to mount point /)
Stopping at filesystem boundary (GIT_DISCOVERY_ACROSS_FILESYSTEM not set).
[2022-10-29T23:21:55.819Z] > git rev-parse --show-toplevel [1ms]
[2022-10-29T23:21:55.819Z] fatal: not a git repository (or any parent up to mount point /)
Stopping at filesystem boundary (GIT_DISCOVERY_ACROSS_FILESYSTEM not set).
[2022-10-29T23:21:55.823Z] > git rev-parse --show-toplevel [1ms]
[2022-10-29T23:21:55.823Z] fatal: not a git repository (or any parent up to mount point /)
Stopping at filesystem boundary (GIT_DISCOVERY_ACROSS_FILESYSTEM not set).
[2022-10-29T23:21:55.827Z] > git rev-parse --show-toplevel [0ms]
[2022-10-29T23:21:55.827Z] fatal: not a git repository (or any parent up to mount point /)
Stopping at filesystem boundary (GIT_DISCOVERY_ACROSS_FILESYSTEM not set).
[2022-10-29T23:22:00.295Z] > git rev-parse --show-toplevel [3ms]
[2022-10-29T23:22:00.295Z] fatal: not a git repository (or any parent up to mount point /)
Stopping at filesystem boundary (GIT_DISCOVERY_ACROSS_FILESYSTEM not set).
[2022-10-29T23:22:15.865Z] > git rev-parse --show-toplevel [1ms]
[2022-10-29T23:22:15.865Z] fatal: not a git repository (or any parent up to mount point /)
Stopping at filesystem boundary (GIT_DISCOVERY_ACROSS_FILESYSTEM not set).
[2022-10-29T23:22:42.253Z] > git rev-parse --show-toplevel [2ms]
[2022-10-29T23:22:42.253Z] fatal: not a git repository (or any parent up to mount point /)
Stopping at filesystem boundary (GIT_DISCOVERY_ACROSS_FILESYSTEM not set).
