[2022-10-29T16:33:46.783Z] Log level: Info
[2022-10-29T16:33:46.785Z] [info] Validating found git in: git
[2022-10-29T16:33:47.008Z] [info] Using git 2.38.0 from git
[2022-10-29T16:33:47.048Z] > git rev-parse --show-toplevel [33ms]
[2022-10-29T16:33:47.054Z] > git rev-parse --git-dir --git-common-dir [0ms]
[2022-10-29T16:33:47.060Z] [info] Open repository: /home/kevin/work/PreImage/atlasify
[2022-10-29T16:33:47.070Z] > git rev-parse --show-toplevel [1ms]
[2022-10-29T16:33:47.074Z] > git rev-parse --show-toplevel [1ms]
[2022-10-29T16:33:47.079Z] > git rev-parse --show-toplevel [1ms]
[2022-10-29T16:33:47.085Z] > git rev-parse --show-toplevel [2ms]
[2022-10-29T16:33:47.090Z] > git rev-parse --show-toplevel [1ms]
[2022-10-29T16:33:47.094Z] > git rev-parse --show-toplevel [1ms]
[2022-10-29T16:33:47.099Z] > git rev-parse --show-toplevel [1ms]
[2022-10-29T16:33:47.103Z] > git rev-parse --show-toplevel [0ms]
[2022-10-29T16:33:47.107Z] > git rev-parse --show-toplevel [1ms]
[2022-10-29T16:33:47.372Z] > git ls-files --stage -- /home/kevin/work/PreImage/atlasify/src/atlasify.ts [1ms]
[2022-10-29T16:33:47.756Z] > git check-ignore -v -z --stdin [73ms]
[2022-10-29T16:33:47.841Z] > git show --textconv :src/atlasify.ts [473ms]
[2022-10-29T16:33:47.841Z] > git cat-file -s cc1bb7d77c6c65d7d2457ace76bc9bcd13bd7965 [466ms]
[2022-10-29T16:33:49.628Z] > git status -z -uall [2563ms]
[2022-10-29T16:33:49.632Z] > git symbolic-ref --short HEAD [1ms]
[2022-10-29T16:33:49.643Z] > git for-each-ref --format=%(refname)%00%(upstream:short)%00%(objectname)%00%(upstream:track)%00%(upstream:remotename)%00%(upstream:remoteref) refs/heads/master refs/remotes/master [7ms]
[2022-10-29T16:33:49.654Z] > git remote --verbose [3ms]
[2022-10-29T16:33:49.718Z] > git for-each-ref --sort -committerdate --format %(refname) %(objectname) %(*objectname) [71ms]
[2022-10-29T16:33:49.728Z] > git config --get commit.template [1ms]
[2022-10-29T16:33:49.829Z] > git status -z -uall [94ms]
[2022-10-29T16:33:49.834Z] > git symbolic-ref --short HEAD [1ms]
[2022-10-29T16:33:49.839Z] > git for-each-ref --format=%(refname)%00%(upstream:short)%00%(objectname)%00%(upstream:track)%00%(upstream:remotename)%00%(upstream:remoteref) refs/heads/master refs/remotes/master [1ms]
[2022-10-29T16:33:49.846Z] > git for-each-ref --sort -committerdate --format %(refname) %(objectname) %(*objectname) [4ms]
[2022-10-29T16:33:49.846Z] > git remote --verbose [1ms]
[2022-10-29T16:33:49.852Z] > git config --get commit.template [0ms]
[2022-10-29T18:27:52.142Z] > git ls-files --stage -- /home/kevin/work/PreImage/atlasify/src/atlasify.ts [1ms]
[2022-10-29T18:27:52.148Z] > git cat-file -s cc1bb7d77c6c65d7d2457ace76bc9bcd13bd7965 [1ms]
[2022-10-29T18:27:52.156Z] > git show --textconv :src/atlasify.ts [1ms]
[2022-10-29T18:27:52.169Z] > git status -z -uall [92ms]
[2022-10-29T18:27:52.173Z] > git symbolic-ref --short HEAD [0ms]
[2022-10-29T18:27:52.177Z] > git for-each-ref --format=%(refname)%00%(upstream:short)%00%(objectname)%00%(upstream:track)%00%(upstream:remotename)%00%(upstream:remoteref) refs/heads/master refs/remotes/master [0ms]
[2022-10-29T18:27:52.186Z] > git for-each-ref --sort -committerdate --format %(refname) %(objectname) %(*objectname) [5ms]
[2022-10-29T18:27:52.187Z] > git remote --verbose [2ms]
[2022-10-29T18:27:52.194Z] > git config --get commit.template [1ms]
