[2022-10-28T10:46:54.380Z] Log level: Info
[2022-10-28T10:46:54.382Z] [info] Validating found git in: git
[2022-10-28T10:46:54.426Z] [info] Using git 2.38.0 from git
[2022-10-28T10:46:54.452Z] > git rev-parse --show-toplevel [7ms]
[2022-10-28T10:46:54.465Z] > git rev-parse --git-dir --git-common-dir [3ms]
[2022-10-28T10:46:54.476Z] [info] Open repository: /home/kevin/work/PreImage/atlasify
[2022-10-28T10:46:54.500Z] > git rev-parse --show-toplevel [2ms]
[2022-10-28T10:46:54.509Z] > git rev-parse --show-toplevel [1ms]
[2022-10-28T10:46:54.515Z] > git rev-parse --show-toplevel [1ms]
[2022-10-28T10:46:54.525Z] > git rev-parse --show-toplevel [1ms]
[2022-10-28T10:46:54.533Z] > git rev-parse --show-toplevel [1ms]
[2022-10-28T10:46:54.541Z] > git rev-parse --show-toplevel [1ms]
[2022-10-28T10:46:54.549Z] > git rev-parse --show-toplevel [1ms]
[2022-10-28T10:46:54.556Z] > git rev-parse --show-toplevel [1ms]
[2022-10-28T10:46:54.820Z] > git show --textconv :tsconfig.json [8ms]
[2022-10-28T10:46:54.844Z] > git ls-files --stage -- /home/kevin/work/PreImage/atlasify/tsconfig.json [25ms]
[2022-10-28T10:46:54.851Z] > git cat-file -s fc8daa8b5c8992d663058b25878226567b607c3a [2ms]
[2022-10-28T10:46:55.115Z] > git check-ignore -v -z --stdin [2ms]
[2022-10-28T10:46:56.253Z] > git status -z -uall [1763ms]
[2022-10-28T10:46:56.261Z] > git symbolic-ref --short HEAD [1ms]
[2022-10-28T10:46:56.279Z] > git for-each-ref --format=%(refname)%00%(upstream:short)%00%(objectname)%00%(upstream:track)%00%(upstream:remotename)%00%(upstream:remoteref) refs/heads/master refs/remotes/master [10ms]
[2022-10-28T10:46:56.291Z] > git remote --verbose [2ms]
[2022-10-28T10:46:56.292Z] > git for-each-ref --sort -committerdate --format %(refname) %(objectname) %(*objectname) [8ms]
[2022-10-28T10:46:56.306Z] > git config --get commit.template [1ms]
[2022-10-28T10:46:56.439Z] > git status -z -uall [126ms]
[2022-10-28T10:46:56.446Z] > git symbolic-ref --short HEAD [0ms]
[2022-10-28T10:46:56.455Z] > git for-each-ref --format=%(refname)%00%(upstream:short)%00%(objectname)%00%(upstream:track)%00%(upstream:remotename)%00%(upstream:remoteref) refs/heads/master refs/remotes/master [2ms]
[2022-10-28T10:46:56.473Z] > git remote --verbose [8ms]
[2022-10-28T10:46:56.474Z] > git for-each-ref --sort -committerdate --format %(refname) %(objectname) %(*objectname) [15ms]
[2022-10-28T10:46:56.483Z] > git config --get commit.template [1ms]
[2022-10-28T10:48:00.203Z] > git check-ignore -v -z --stdin [1ms]
[2022-10-28T10:48:01.176Z] > git check-ignore -v -z --stdin [1ms]
[2022-10-28T10:48:03.396Z] > git check-ignore -v -z --stdin [1ms]
[2022-10-28T10:48:04.726Z] > git show --textconv :templates/Cocos2d.mst [6ms]
[2022-10-28T10:48:04.727Z] > git ls-files --stage -- /home/kevin/work/PreImage/atlasify/templates/Cocos2d.mst [1ms]
[2022-10-28T10:48:04.734Z] > git cat-file -s 288461cdf41c087ad42a0de3d42f8e61fb147215 [1ms]
[2022-10-28T10:48:05.810Z] > git show --textconv :templates/Css.mst [5ms]
[2022-10-28T10:48:05.811Z] > git ls-files --stage -- /home/kevin/work/PreImage/atlasify/templates/Css.mst [2ms]
[2022-10-28T10:48:05.816Z] > git cat-file -s ffa0836474186fdc79eb9d83b3d54f8a7188d0ef [1ms]
[2022-10-28T10:48:07.640Z] > git check-ignore -v -z --stdin [1ms]
[2022-10-28T10:48:09.033Z] > git check-ignore -v -z --stdin [1ms]
[2022-10-28T10:48:10.637Z] > git show --textconv :src/atlasify.ts [10ms]
[2022-10-28T10:48:10.638Z] > git ls-files --stage -- /home/kevin/work/PreImage/atlasify/src/atlasify.ts [2ms]
[2022-10-28T10:48:10.650Z] > git cat-file -s cc1bb7d77c6c65d7d2457ace76bc9bcd13bd7965 [4ms]
[2022-10-28T10:48:15.930Z] > git show --textconv :node_modules/maxrects-packer/dist/maxrects-packer.d.ts [15ms]
[2022-10-28T10:48:15.931Z] > git ls-files --stage -- /home/kevin/work/PreImage/atlasify/node_modules/maxrects-packer/dist/maxrects-packer.d.ts [2ms]
[2022-10-28T10:48:16.413Z] > git check-ignore -v -z --stdin [3ms]
[2022-10-28T10:48:18.651Z] > git check-ignore -v -z --stdin [1ms]
[2022-10-28T10:48:19.776Z] > git show --textconv :src/atlasify.ts [9ms]
[2022-10-28T10:48:19.778Z] > git ls-files --stage -- /home/kevin/work/PreImage/atlasify/src/atlasify.ts [4ms]
[2022-10-28T10:48:19.786Z] > git cat-file -s cc1bb7d77c6c65d7d2457ace76bc9bcd13bd7965 [2ms]
[2022-10-28T10:48:20.138Z] > git check-ignore -v -z --stdin [1ms]
[2022-10-28T10:48:22.732Z] > git check-ignore -v -z --stdin [2ms]
[2022-10-28T10:48:24.727Z] > git check-ignore -v -z --stdin [1ms]
[2022-10-28T10:52:01.292Z] > git show --textconv :src/atlasify.ts [6ms]
[2022-10-28T10:52:01.293Z] > git ls-files --stage -- /home/kevin/work/PreImage/atlasify/src/atlasify.ts [1ms]
[2022-10-28T10:52:01.299Z] > git cat-file -s cc1bb7d77c6c65d7d2457ace76bc9bcd13bd7965 [2ms]
[2022-10-28T12:22:09.966Z] > git show --textconv :src/atlasify.ts [7ms]
[2022-10-28T12:22:09.969Z] > git ls-files --stage -- /home/kevin/work/PreImage/atlasify/src/atlasify.ts [3ms]
[2022-10-28T12:22:09.990Z] > git cat-file -s cc1bb7d77c6c65d7d2457ace76bc9bcd13bd7965 [2ms]
[2022-10-28T13:34:25.416Z] > git ls-files --stage -- /home/kevin/work/PreImage/atlasify/src/atlasify.ts [1ms]
[2022-10-28T13:34:25.423Z] > git cat-file -s cc1bb7d77c6c65d7d2457ace76bc9bcd13bd7965 [1ms]
[2022-10-28T13:34:25.426Z] > git status -z -uall [113ms]
[2022-10-28T13:34:25.438Z] > git symbolic-ref --short HEAD [7ms]
[2022-10-28T13:34:25.443Z] > git show --textconv :src/atlasify.ts [6ms]
[2022-10-28T13:34:25.444Z] > git for-each-ref --format=%(refname)%00%(upstream:short)%00%(objectname)%00%(upstream:track)%00%(upstream:remotename)%00%(upstream:remoteref) refs/heads/master refs/remotes/master [1ms]
[2022-10-28T13:34:25.455Z] > git remote --verbose [1ms]
[2022-10-28T13:34:25.456Z] > git for-each-ref --sort -committerdate --format %(refname) %(objectname) %(*objectname) [7ms]
[2022-10-28T13:34:25.464Z] > git config --get commit.template [1ms]
